<?xml version="1.0" encoding="UTF-8" ?>
<testsuite errors="0" failures="0" hostname="ttnd-TravelMate-P257-M" name="domain1task.LinkResourceSpec" skipped="0" tests="1" time="0.186" timestamp="2016-02-16T11:33:24">
  <properties />
  <testcase classname="domain1task.LinkResourceSpec" name="test something" time="0.172" />
  <system-out><![CDATA[--Output from test something--
]]></system-out>
  <system-err><![CDATA[--Output from test something--
]]></system-err>
</testsuite>
